Terminals unused in grammar

   ERROR


State 55 conflicts: 9 shift/reduce
State 105 conflicts: 10 reduce/reduce


Grammar

    0 $accept: program $end

    1 program: class_list

    2 class_list: class
    3           | class_list class

    4 class: CLASS TYPEID '{' feature_list '}' ';'
    5      | CLASS TYPEID INHERITS TYPEID '{' feature_list '}' ';'
    6      | error

    7 feature_list: nonempty_feature_list
    8             | /* empty */

    9 nonempty_feature_list: feature ';' nonempty_feature_list
   10                      | feature ';'

   11 feature: OBJECTID '(' formal_list ')' ':' TYPEID '{' nonempty_expr '}'
   12        | OBJECTID ':' TYPEID
   13        | OBJECTID ':' TYPEID ASSIGN expression
   14        | error

   15 formal_list: nonempty_formal_list
   16            | /* empty */

   17 nonempty_formal_list: formal ',' nonempty_formal_list
   18                     | formal

   19 formal: OBJECTID ':' TYPEID

   20 expression_list: expression_list ',' nonempty_expr
   21                | nonempty_expr
   22                | /* empty */

   23 nonempty_block: nonempty_expr ';'
   24               | nonempty_expr ';' nonempty_block
   25               | error

   26 case_list: case_list branch ';'
   27          | branch ';'

   28 branch: OBJECTID ':' TYPEID DARROW expression

   29 inner_let: OBJECTID ':' TYPEID ASSIGN expression IN expression
   30          | OBJECTID ':' TYPEID IN expression
   31          | OBJECTID ':' TYPEID ASSIGN expression ',' inner_let
   32          | OBJECTID ':' TYPEID ',' inner_let

   33 expression: nonempty_expr
   34           | /* empty */

   35 nonempty_expr: OBJECTID ASSIGN nonempty_expr
   36              | nonempty_expr '@' TYPEID '.' OBJECTID '(' expression_list ')'
   37              | nonempty_expr '.' OBJECTID '(' expression_list ')'
   38              | OBJECTID '(' expression_list ')'
   39              | IF nonempty_expr THEN nonempty_expr ELSE nonempty_expr FI
   40              | while_exp
   41              | '{' nonempty_block '}'
   42              | LET inner_let
   43              | CASE nonempty_expr OF case_list ESAC
   44              | NEW TYPEID
   45              | ISVOID nonempty_expr
   46              | nonempty_expr '+' nonempty_expr
   47              | nonempty_expr '-' nonempty_expr
   48              | nonempty_expr '*' nonempty_expr
   49              | nonempty_expr '/' nonempty_expr
   50              | '~' nonempty_expr
   51              | nonempty_expr '<' nonempty_expr
   52              | nonempty_expr LE nonempty_expr
   53              | nonempty_expr '=' nonempty_expr
   54              | NOT nonempty_expr
   55              | '(' nonempty_expr ')'
   56              | OBJECTID
   57              | INT_CONST
   58              | STR_CONST
   59              | BOOL_CONST
   60              | error

   61 while_exp: WHILE nonempty_expr LOOP expression POOL
   62          | WHILE nonempty_expr LOOP error


Terminals, with rules where they appear

$end (0) 0
'(' (40) 11 36 37 38 55
')' (41) 11 36 37 38 55
'*' (42) 48
'+' (43) 46
',' (44) 17 20 31 32
'-' (45) 47
'.' (46) 36 37
'/' (47) 49
':' (58) 11 12 13 19 28 29 30 31 32
';' (59) 4 5 9 10 23 24 26 27
'<' (60) 51
'=' (61) 53
'@' (64) 36
'{' (123) 4 5 11 41
'}' (125) 4 5 11 41
'~' (126) 50
error (256) 6 14 25 60 62
CLASS (258) 4 5
ELSE (259) 39
FI (260) 39
IF (261) 39
IN (262) 29 30
INHERITS (263) 5
LET (264) 42
LOOP (265) 61 62
POOL (266) 61
THEN (267) 39
WHILE (268) 61 62
CASE (269) 43
ESAC (270) 43
OF (271) 43
DARROW (272) 28
NEW (273) 44
ISVOID (274) 45
STR_CONST (275) 58
INT_CONST (276) 57
BOOL_CONST (277) 59
TYPEID (278) 4 5 11 12 13 19 28 29 30 31 32 36 44
OBJECTID (279) 11 12 13 19 28 29 30 31 32 35 36 37 38 56
ASSIGN (280) 13 29 31 35
NOT (281) 54
LE (282) 52
ERROR (283)


Nonterminals, with rules where they appear

$accept (45)
    on left: 0
program (46)
    on left: 1, on right: 0
class_list (47)
    on left: 2 3, on right: 1 3
class (48)
    on left: 4 5 6, on right: 2 3
feature_list (49)
    on left: 7 8, on right: 4 5
nonempty_feature_list (50)
    on left: 9 10, on right: 7 9
feature (51)
    on left: 11 12 13 14, on right: 9 10
formal_list (52)
    on left: 15 16, on right: 11
nonempty_formal_list (53)
    on left: 17 18, on right: 15 17
formal (54)
    on left: 19, on right: 17 18
expression_list (55)
    on left: 20 21 22, on right: 20 36 37 38
nonempty_block (56)
    on left: 23 24 25, on right: 24 41
case_list (57)
    on left: 26 27, on right: 26 43
branch (58)
    on left: 28, on right: 26 27
inner_let (59)
    on left: 29 30 31 32, on right: 31 32 42
expression (60)
    on left: 33 34, on right: 13 28 29 30 31 61
nonempty_expr (61)
    on left: 35 36 37 38 39 40 41 42 43 44 45 46 47 48 49 50 51 52
    53 54 55 56 57 58 59 60, on right: 11 20 21 23 24 33 35 36 37 39
    43 45 46 47 48 49 50 51 52 53 54 55 61 62
while_exp (62)
    on left: 61 62, on right: 40


state 0

    0 $accept: . program $end

    error  shift, and go to state 1
    CLASS  shift, and go to state 2

    program     go to state 3
    class_list  go to state 4
    class       go to state 5


state 1

    6 class: error .

    $default  reduce using rule 6 (class)


state 2

    4 class: CLASS . TYPEID '{' feature_list '}' ';'
    5      | CLASS . TYPEID INHERITS TYPEID '{' feature_list '}' ';'

    TYPEID  shift, and go to state 6


state 3

    0 $accept: program . $end

    $end  shift, and go to state 7


state 4

    1 program: class_list .
    3 class_list: class_list . class

    error  shift, and go to state 1
    CLASS  shift, and go to state 2

    $end  reduce using rule 1 (program)

    class  go to state 8


state 5

    2 class_list: class .

    $default  reduce using rule 2 (class_list)


state 6

    4 class: CLASS TYPEID . '{' feature_list '}' ';'
    5      | CLASS TYPEID . INHERITS TYPEID '{' feature_list '}' ';'

    INHERITS  shift, and go to state 9
    '{'       shift, and go to state 10


state 7

    0 $accept: program $end .

    $default  accept


state 8

    3 class_list: class_list class .

    $default  reduce using rule 3 (class_list)


state 9

    5 class: CLASS TYPEID INHERITS . TYPEID '{' feature_list '}' ';'

    TYPEID  shift, and go to state 11


state 10

    4 class: CLASS TYPEID '{' . feature_list '}' ';'

    error     shift, and go to state 12
    OBJECTID  shift, and go to state 13

    '}'  reduce using rule 8 (feature_list)

    feature_list           go to state 14
    nonempty_feature_list  go to state 15
    feature                go to state 16


state 11

    5 class: CLASS TYPEID INHERITS TYPEID . '{' feature_list '}' ';'

    '{'  shift, and go to state 17


state 12

   14 feature: error .

    $default  reduce using rule 14 (feature)


state 13

   11 feature: OBJECTID . '(' formal_list ')' ':' TYPEID '{' nonempty_expr '}'
   12        | OBJECTID . ':' TYPEID
   13        | OBJECTID . ':' TYPEID ASSIGN expression

    '('  shift, and go to state 18
    ':'  shift, and go to state 19


state 14

    4 class: CLASS TYPEID '{' feature_list . '}' ';'

    '}'  shift, and go to state 20


state 15

    7 feature_list: nonempty_feature_list .

    $default  reduce using rule 7 (feature_list)


state 16

    9 nonempty_feature_list: feature . ';' nonempty_feature_list
   10                      | feature . ';'

    ';'  shift, and go to state 21


state 17

    5 class: CLASS TYPEID INHERITS TYPEID '{' . feature_list '}' ';'

    error     shift, and go to state 12
    OBJECTID  shift, and go to state 13

    '}'  reduce using rule 8 (feature_list)

    feature_list           go to state 22
    nonempty_feature_list  go to state 15
    feature                go to state 16


state 18

   11 feature: OBJECTID '(' . formal_list ')' ':' TYPEID '{' nonempty_expr '}'

    OBJECTID  shift, and go to state 23

    $default  reduce using rule 16 (formal_list)

    formal_list           go to state 24
    nonempty_formal_list  go to state 25
    formal                go to state 26


state 19

   12 feature: OBJECTID ':' . TYPEID
   13        | OBJECTID ':' . TYPEID ASSIGN expression

    TYPEID  shift, and go to state 27


state 20

    4 class: CLASS TYPEID '{' feature_list '}' . ';'

    ';'  shift, and go to state 28


state 21

    9 nonempty_feature_list: feature ';' . nonempty_feature_list
   10                      | feature ';' .

    error     shift, and go to state 12
    OBJECTID  shift, and go to state 13

    '}'  reduce using rule 10 (nonempty_feature_list)

    nonempty_feature_list  go to state 29
    feature                go to state 16


state 22

    5 class: CLASS TYPEID INHERITS TYPEID '{' feature_list . '}' ';'

    '}'  shift, and go to state 30


state 23

   19 formal: OBJECTID . ':' TYPEID

    ':'  shift, and go to state 31


state 24

   11 feature: OBJECTID '(' formal_list . ')' ':' TYPEID '{' nonempty_expr '}'

    ')'  shift, and go to state 32


state 25

   15 formal_list: nonempty_formal_list .

    $default  reduce using rule 15 (formal_list)


state 26

   17 nonempty_formal_list: formal . ',' nonempty_formal_list
   18                     | formal .

    ','  shift, and go to state 33

    $default  reduce using rule 18 (nonempty_formal_list)


state 27

   12 feature: OBJECTID ':' TYPEID .
   13        | OBJECTID ':' TYPEID . ASSIGN expression

    ASSIGN  shift, and go to state 34

    $default  reduce using rule 12 (feature)


state 28

    4 class: CLASS TYPEID '{' feature_list '}' ';' .

    $default  reduce using rule 4 (class)


state 29

    9 nonempty_feature_list: feature ';' nonempty_feature_list .

    $default  reduce using rule 9 (nonempty_feature_list)


state 30

    5 class: CLASS TYPEID INHERITS TYPEID '{' feature_list '}' . ';'

    ';'  shift, and go to state 35


state 31

   19 formal: OBJECTID ':' . TYPEID

    TYPEID  shift, and go to state 36


state 32

   11 feature: OBJECTID '(' formal_list ')' . ':' TYPEID '{' nonempty_expr '}'

    ':'  shift, and go to state 37


state 33

   17 nonempty_formal_list: formal ',' . nonempty_formal_list

    OBJECTID  shift, and go to state 23

    nonempty_formal_list  go to state 38
    formal                go to state 26


state 34

   13 feature: OBJECTID ':' TYPEID ASSIGN . expression

    error       shift, and go to state 39
    IF          shift, and go to state 40
    LET         shift, and go to state 41
    WHILE       shift, and go to state 42
    CASE        shift, and go to state 43
    NEW         shift, and go to state 44
    ISVOID      shift, and go to state 45
    STR_CONST   shift, and go to state 46
    INT_CONST   shift, and go to state 47
    BOOL_CONST  shift, and go to state 48
    OBJECTID    shift, and go to state 49
    NOT         shift, and go to state 50
    '~'         shift, and go to state 51
    '{'         shift, and go to state 52
    '('         shift, and go to state 53

    ';'  reduce using rule 34 (expression)

    expression     go to state 54
    nonempty_expr  go to state 55
    while_exp      go to state 56


state 35

    5 class: CLASS TYPEID INHERITS TYPEID '{' feature_list '}' ';' .

    $default  reduce using rule 5 (class)


state 36

   19 formal: OBJECTID ':' TYPEID .

    $default  reduce using rule 19 (formal)


state 37

   11 feature: OBJECTID '(' formal_list ')' ':' . TYPEID '{' nonempty_expr '}'

    TYPEID  shift, and go to state 57


state 38

   17 nonempty_formal_list: formal ',' nonempty_formal_list .

    $default  reduce using rule 17 (nonempty_formal_list)


state 39

   60 nonempty_expr: error .

    $default  reduce using rule 60 (nonempty_expr)


state 40

   39 nonempty_expr: IF . nonempty_expr THEN nonempty_expr ELSE nonempty_expr FI

    error       shift, and go to state 39
    IF          shift, and go to state 40
    LET         shift, and go to state 41
    WHILE       shift, and go to state 42
    CASE        shift, and go to state 43
    NEW         shift, and go to state 44
    ISVOID      shift, and go to state 45
    STR_CONST   shift, and go to state 46
    INT_CONST   shift, and go to state 47
    BOOL_CONST  shift, and go to state 48
    OBJECTID    shift, and go to state 49
    NOT         shift, and go to state 50
    '~'         shift, and go to state 51
    '{'         shift, and go to state 52
    '('         shift, and go to state 53

    nonempty_expr  go to state 58
    while_exp      go to state 56


state 41

   42 nonempty_expr: LET . inner_let

    OBJECTID  shift, and go to state 59

    inner_let  go to state 60


state 42

   61 while_exp: WHILE . nonempty_expr LOOP expression POOL
   62          | WHILE . nonempty_expr LOOP error

    error       shift, and go to state 39
    IF          shift, and go to state 40
    LET         shift, and go to state 41
    WHILE       shift, and go to state 42
    CASE        shift, and go to state 43
    NEW         shift, and go to state 44
    ISVOID      shift, and go to state 45
    STR_CONST   shift, and go to state 46
    INT_CONST   shift, and go to state 47
    BOOL_CONST  shift, and go to state 48
    OBJECTID    shift, and go to state 49
    NOT         shift, and go to state 50
    '~'         shift, and go to state 51
    '{'         shift, and go to state 52
    '('         shift, and go to state 53

    nonempty_expr  go to state 61
    while_exp      go to state 56


state 43

   43 nonempty_expr: CASE . nonempty_expr OF case_list ESAC

    error       shift, and go to state 39
    IF          shift, and go to state 40
    LET         shift, and go to state 41
    WHILE       shift, and go to state 42
    CASE        shift, and go to state 43
    NEW         shift, and go to state 44
    ISVOID      shift, and go to state 45
    STR_CONST   shift, and go to state 46
    INT_CONST   shift, and go to state 47
    BOOL_CONST  shift, and go to state 48
    OBJECTID    shift, and go to state 49
    NOT         shift, and go to state 50
    '~'         shift, and go to state 51
    '{'         shift, and go to state 52
    '('         shift, and go to state 53

    nonempty_expr  go to state 62
    while_exp      go to state 56


state 44

   44 nonempty_expr: NEW . TYPEID

    TYPEID  shift, and go to state 63


state 45

   45 nonempty_expr: ISVOID . nonempty_expr

    error       shift, and go to state 39
    IF          shift, and go to state 40
    LET         shift, and go to state 41
    WHILE       shift, and go to state 42
    CASE        shift, and go to state 43
    NEW         shift, and go to state 44
    ISVOID      shift, and go to state 45
    STR_CONST   shift, and go to state 46
    INT_CONST   shift, and go to state 47
    BOOL_CONST  shift, and go to state 48
    OBJECTID    shift, and go to state 49
    NOT         shift, and go to state 50
    '~'         shift, and go to state 51
    '{'         shift, and go to state 52
    '('         shift, and go to state 53

    nonempty_expr  go to state 64
    while_exp      go to state 56


state 46

   58 nonempty_expr: STR_CONST .

    $default  reduce using rule 58 (nonempty_expr)


state 47

   57 nonempty_expr: INT_CONST .

    $default  reduce using rule 57 (nonempty_expr)


state 48

   59 nonempty_expr: BOOL_CONST .

    $default  reduce using rule 59 (nonempty_expr)


state 49

   35 nonempty_expr: OBJECTID . ASSIGN nonempty_expr
   38              | OBJECTID . '(' expression_list ')'
   56              | OBJECTID .

    ASSIGN  shift, and go to state 65
    '('     shift, and go to state 66

    $default  reduce using rule 56 (nonempty_expr)


state 50

   54 nonempty_expr: NOT . nonempty_expr

    error       shift, and go to state 39
    IF          shift, and go to state 40
    LET         shift, and go to state 41
    WHILE       shift, and go to state 42
    CASE        shift, and go to state 43
    NEW         shift, and go to state 44
    ISVOID      shift, and go to state 45
    STR_CONST   shift, and go to state 46
    INT_CONST   shift, and go to state 47
    BOOL_CONST  shift, and go to state 48
    OBJECTID    shift, and go to state 49
    NOT         shift, and go to state 50
    '~'         shift, and go to state 51
    '{'         shift, and go to state 52
    '('         shift, and go to state 53

    nonempty_expr  go to state 67
    while_exp      go to state 56


state 51

   50 nonempty_expr: '~' . nonempty_expr

    error       shift, and go to state 39
    IF          shift, and go to state 40
    LET         shift, and go to state 41
    WHILE       shift, and go to state 42
    CASE        shift, and go to state 43
    NEW         shift, and go to state 44
    ISVOID      shift, and go to state 45
    STR_CONST   shift, and go to state 46
    INT_CONST   shift, and go to state 47
    BOOL_CONST  shift, and go to state 48
    OBJECTID    shift, and go to state 49
    NOT         shift, and go to state 50
    '~'         shift, and go to state 51
    '{'         shift, and go to state 52
    '('         shift, and go to state 53

    nonempty_expr  go to state 68
    while_exp      go to state 56


state 52

   41 nonempty_expr: '{' . nonempty_block '}'

    error       shift, and go to state 69
    IF          shift, and go to state 40
    LET         shift, and go to state 41
    WHILE       shift, and go to state 42
    CASE        shift, and go to state 43
    NEW         shift, and go to state 44
    ISVOID      shift, and go to state 45
    STR_CONST   shift, and go to state 46
    INT_CONST   shift, and go to state 47
    BOOL_CONST  shift, and go to state 48
    OBJECTID    shift, and go to state 49
    NOT         shift, and go to state 50
    '~'         shift, and go to state 51
    '{'         shift, and go to state 52
    '('         shift, and go to state 53

    nonempty_block  go to state 70
    nonempty_expr   go to state 71
    while_exp       go to state 56


state 53

   55 nonempty_expr: '(' . nonempty_expr ')'

    error       shift, and go to state 39
    IF          shift, and go to state 40
    LET         shift, and go to state 41
    WHILE       shift, and go to state 42
    CASE        shift, and go to state 43
    NEW         shift, and go to state 44
    ISVOID      shift, and go to state 45
    STR_CONST   shift, and go to state 46
    INT_CONST   shift, and go to state 47
    BOOL_CONST  shift, and go to state 48
    OBJECTID    shift, and go to state 49
    NOT         shift, and go to state 50
    '~'         shift, and go to state 51
    '{'         shift, and go to state 52
    '('         shift, and go to state 53

    nonempty_expr  go to state 72
    while_exp      go to state 56


state 54

   13 feature: OBJECTID ':' TYPEID ASSIGN expression .

    $default  reduce using rule 13 (feature)


state 55

   33 expression: nonempty_expr .
   36 nonempty_expr: nonempty_expr . '@' TYPEID '.' OBJECTID '(' expression_list ')'
   37              | nonempty_expr . '.' OBJECTID '(' expression_list ')'
   46              | nonempty_expr . '+' nonempty_expr
   47              | nonempty_expr . '-' nonempty_expr
   48              | nonempty_expr . '*' nonempty_expr
   49              | nonempty_expr . '/' nonempty_expr
   51              | nonempty_expr . '<' nonempty_expr
   52              | nonempty_expr . LE nonempty_expr
   53              | nonempty_expr . '=' nonempty_expr

    LE   shift, and go to state 73
    '<'  shift, and go to state 74
    '='  shift, and go to state 75
    '+'  shift, and go to state 76
    '-'  shift, and go to state 77
    '*'  shift, and go to state 78
    '/'  shift, and go to state 79
    '@'  shift, and go to state 80
    '.'  shift, and go to state 81

    LE        [reduce using rule 33 (expression)]
    '<'       [reduce using rule 33 (expression)]
    '='       [reduce using rule 33 (expression)]
    '+'       [reduce using rule 33 (expression)]
    '-'       [reduce using rule 33 (expression)]
    '*'       [reduce using rule 33 (expression)]
    '/'       [reduce using rule 33 (expression)]
    '@'       [reduce using rule 33 (expression)]
    '.'       [reduce using rule 33 (expression)]
    $default  reduce using rule 33 (expression)


state 56

   40 nonempty_expr: while_exp .

    $default  reduce using rule 40 (nonempty_expr)


state 57

   11 feature: OBJECTID '(' formal_list ')' ':' TYPEID . '{' nonempty_expr '}'

    '{'  shift, and go to state 82


state 58

   36 nonempty_expr: nonempty_expr . '@' TYPEID '.' OBJECTID '(' expression_list ')'
   37              | nonempty_expr . '.' OBJECTID '(' expression_list ')'
   39              | IF nonempty_expr . THEN nonempty_expr ELSE nonempty_expr FI
   46              | nonempty_expr . '+' nonempty_expr
   47              | nonempty_expr . '-' nonempty_expr
   48              | nonempty_expr . '*' nonempty_expr
   49              | nonempty_expr . '/' nonempty_expr
   51              | nonempty_expr . '<' nonempty_expr
   52              | nonempty_expr . LE nonempty_expr
   53              | nonempty_expr . '=' nonempty_expr

    THEN  shift, and go to state 83
    LE    shift, and go to state 73
    '<'   shift, and go to state 74
    '='   shift, and go to state 75
    '+'   shift, and go to state 76
    '-'   shift, and go to state 77
    '*'   shift, and go to state 78
    '/'   shift, and go to state 79
    '@'   shift, and go to state 80
    '.'   shift, and go to state 81


state 59

   29 inner_let: OBJECTID . ':' TYPEID ASSIGN expression IN expression
   30          | OBJECTID . ':' TYPEID IN expression
   31          | OBJECTID . ':' TYPEID ASSIGN expression ',' inner_let
   32          | OBJECTID . ':' TYPEID ',' inner_let

    ':'  shift, and go to state 84


state 60

   42 nonempty_expr: LET inner_let .

    $default  reduce using rule 42 (nonempty_expr)


state 61

   36 nonempty_expr: nonempty_expr . '@' TYPEID '.' OBJECTID '(' expression_list ')'
   37              | nonempty_expr . '.' OBJECTID '(' expression_list ')'
   46              | nonempty_expr . '+' nonempty_expr
   47              | nonempty_expr . '-' nonempty_expr
   48              | nonempty_expr . '*' nonempty_expr
   49              | nonempty_expr . '/' nonempty_expr
   51              | nonempty_expr . '<' nonempty_expr
   52              | nonempty_expr . LE nonempty_expr
   53              | nonempty_expr . '=' nonempty_expr
   61 while_exp: WHILE nonempty_expr . LOOP expression POOL
   62          | WHILE nonempty_expr . LOOP error

    LOOP  shift, and go to state 85
    LE    shift, and go to state 73
    '<'   shift, and go to state 74
    '='   shift, and go to state 75
    '+'   shift, and go to state 76
    '-'   shift, and go to state 77
    '*'   shift, and go to state 78
    '/'   shift, and go to state 79
    '@'   shift, and go to state 80
    '.'   shift, and go to state 81


state 62

   36 nonempty_expr: nonempty_expr . '@' TYPEID '.' OBJECTID '(' expression_list ')'
   37              | nonempty_expr . '.' OBJECTID '(' expression_list ')'
   43              | CASE nonempty_expr . OF case_list ESAC
   46              | nonempty_expr . '+' nonempty_expr
   47              | nonempty_expr . '-' nonempty_expr
   48              | nonempty_expr . '*' nonempty_expr
   49              | nonempty_expr . '/' nonempty_expr
   51              | nonempty_expr . '<' nonempty_expr
   52              | nonempty_expr . LE nonempty_expr
   53              | nonempty_expr . '=' nonempty_expr

    OF   shift, and go to state 86
    LE   shift, and go to state 73
    '<'  shift, and go to state 74
    '='  shift, and go to state 75
    '+'  shift, and go to state 76
    '-'  shift, and go to state 77
    '*'  shift, and go to state 78
    '/'  shift, and go to state 79
    '@'  shift, and go to state 80
    '.'  shift, and go to state 81


state 63

   44 nonempty_expr: NEW TYPEID .

    $default  reduce using rule 44 (nonempty_expr)


state 64

   36 nonempty_expr: nonempty_expr . '@' TYPEID '.' OBJECTID '(' expression_list ')'
   37              | nonempty_expr . '.' OBJECTID '(' expression_list ')'
   45              | ISVOID nonempty_expr .
   46              | nonempty_expr . '+' nonempty_expr
   47              | nonempty_expr . '-' nonempty_expr
   48              | nonempty_expr . '*' nonempty_expr
   49              | nonempty_expr . '/' nonempty_expr
   51              | nonempty_expr . '<' nonempty_expr
   52              | nonempty_expr . LE nonempty_expr
   53              | nonempty_expr . '=' nonempty_expr

    '@'  shift, and go to state 80
    '.'  shift, and go to state 81

    $default  reduce using rule 45 (nonempty_expr)


state 65

   35 nonempty_expr: OBJECTID ASSIGN . nonempty_expr

    error       shift, and go to state 39
    IF          shift, and go to state 40
    LET         shift, and go to state 41
    WHILE       shift, and go to state 42
    CASE        shift, and go to state 43
    NEW         shift, and go to state 44
    ISVOID      shift, and go to state 45
    STR_CONST   shift, and go to state 46
    INT_CONST   shift, and go to state 47
    BOOL_CONST  shift, and go to state 48
    OBJECTID    shift, and go to state 49
    NOT         shift, and go to state 50
    '~'         shift, and go to state 51
    '{'         shift, and go to state 52
    '('         shift, and go to state 53

    nonempty_expr  go to state 87
    while_exp      go to state 56


state 66

   38 nonempty_expr: OBJECTID '(' . expression_list ')'

    error       shift, and go to state 39
    IF          shift, and go to state 40
    LET         shift, and go to state 41
    WHILE       shift, and go to state 42
    CASE        shift, and go to state 43
    NEW         shift, and go to state 44
    ISVOID      shift, and go to state 45
    STR_CONST   shift, and go to state 46
    INT_CONST   shift, and go to state 47
    BOOL_CONST  shift, and go to state 48
    OBJECTID    shift, and go to state 49
    NOT         shift, and go to state 50
    '~'         shift, and go to state 51
    '{'         shift, and go to state 52
    '('         shift, and go to state 53

    ')'  reduce using rule 22 (expression_list)
    ','  reduce using rule 22 (expression_list)

    expression_list  go to state 88
    nonempty_expr    go to state 89
    while_exp        go to state 56


state 67

   36 nonempty_expr: nonempty_expr . '@' TYPEID '.' OBJECTID '(' expression_list ')'
   37              | nonempty_expr . '.' OBJECTID '(' expression_list ')'
   46              | nonempty_expr . '+' nonempty_expr
   47              | nonempty_expr . '-' nonempty_expr
   48              | nonempty_expr . '*' nonempty_expr
   49              | nonempty_expr . '/' nonempty_expr
   51              | nonempty_expr . '<' nonempty_expr
   52              | nonempty_expr . LE nonempty_expr
   53              | nonempty_expr . '=' nonempty_expr
   54              | NOT nonempty_expr .

    LE   shift, and go to state 73
    '<'  shift, and go to state 74
    '='  shift, and go to state 75
    '+'  shift, and go to state 76
    '-'  shift, and go to state 77
    '*'  shift, and go to state 78
    '/'  shift, and go to state 79
    '@'  shift, and go to state 80
    '.'  shift, and go to state 81

    $default  reduce using rule 54 (nonempty_expr)


state 68

   36 nonempty_expr: nonempty_expr . '@' TYPEID '.' OBJECTID '(' expression_list ')'
   37              | nonempty_expr . '.' OBJECTID '(' expression_list ')'
   46              | nonempty_expr . '+' nonempty_expr
   47              | nonempty_expr . '-' nonempty_expr
   48              | nonempty_expr . '*' nonempty_expr
   49              | nonempty_expr . '/' nonempty_expr
   50              | '~' nonempty_expr .
   51              | nonempty_expr . '<' nonempty_expr
   52              | nonempty_expr . LE nonempty_expr
   53              | nonempty_expr . '=' nonempty_expr

    '@'  shift, and go to state 80
    '.'  shift, and go to state 81

    $default  reduce using rule 50 (nonempty_expr)


state 69

   25 nonempty_block: error .
   60 nonempty_expr: error .

    '}'       reduce using rule 25 (nonempty_block)
    $default  reduce using rule 60 (nonempty_expr)


state 70

   41 nonempty_expr: '{' nonempty_block . '}'

    '}'  shift, and go to state 90


state 71

   23 nonempty_block: nonempty_expr . ';'
   24               | nonempty_expr . ';' nonempty_block
   36 nonempty_expr: nonempty_expr . '@' TYPEID '.' OBJECTID '(' expression_list ')'
   37              | nonempty_expr . '.' OBJECTID '(' expression_list ')'
   46              | nonempty_expr . '+' nonempty_expr
   47              | nonempty_expr . '-' nonempty_expr
   48              | nonempty_expr . '*' nonempty_expr
   49              | nonempty_expr . '/' nonempty_expr
   51              | nonempty_expr . '<' nonempty_expr
   52              | nonempty_expr . LE nonempty_expr
   53              | nonempty_expr . '=' nonempty_expr

    LE   shift, and go to state 73
    '<'  shift, and go to state 74
    '='  shift, and go to state 75
    '+'  shift, and go to state 76
    '-'  shift, and go to state 77
    '*'  shift, and go to state 78
    '/'  shift, and go to state 79
    '@'  shift, and go to state 80
    '.'  shift, and go to state 81
    ';'  shift, and go to state 91


state 72

   36 nonempty_expr: nonempty_expr . '@' TYPEID '.' OBJECTID '(' expression_list ')'
   37              | nonempty_expr . '.' OBJECTID '(' expression_list ')'
   46              | nonempty_expr . '+' nonempty_expr
   47              | nonempty_expr . '-' nonempty_expr
   48              | nonempty_expr . '*' nonempty_expr
   49              | nonempty_expr . '/' nonempty_expr
   51              | nonempty_expr . '<' nonempty_expr
   52              | nonempty_expr . LE nonempty_expr
   53              | nonempty_expr . '=' nonempty_expr
   55              | '(' nonempty_expr . ')'

    LE   shift, and go to state 73
    '<'  shift, and go to state 74
    '='  shift, and go to state 75
    '+'  shift, and go to state 76
    '-'  shift, and go to state 77
    '*'  shift, and go to state 78
    '/'  shift, and go to state 79
    '@'  shift, and go to state 80
    '.'  shift, and go to state 81
    ')'  shift, and go to state 92


state 73

   52 nonempty_expr: nonempty_expr LE . nonempty_expr

    error       shift, and go to state 39
    IF          shift, and go to state 40
    LET         shift, and go to state 41
    WHILE       shift, and go to state 42
    CASE        shift, and go to state 43
    NEW         shift, and go to state 44
    ISVOID      shift, and go to state 45
    STR_CONST   shift, and go to state 46
    INT_CONST   shift, and go to state 47
    BOOL_CONST  shift, and go to state 48
    OBJECTID    shift, and go to state 49
    NOT         shift, and go to state 50
    '~'         shift, and go to state 51
    '{'         shift, and go to state 52
    '('         shift, and go to state 53

    nonempty_expr  go to state 93
    while_exp      go to state 56


state 74

   51 nonempty_expr: nonempty_expr '<' . nonempty_expr

    error       shift, and go to state 39
    IF          shift, and go to state 40
    LET         shift, and go to state 41
    WHILE       shift, and go to state 42
    CASE        shift, and go to state 43
    NEW         shift, and go to state 44
    ISVOID      shift, and go to state 45
    STR_CONST   shift, and go to state 46
    INT_CONST   shift, and go to state 47
    BOOL_CONST  shift, and go to state 48
    OBJECTID    shift, and go to state 49
    NOT         shift, and go to state 50
    '~'         shift, and go to state 51
    '{'         shift, and go to state 52
    '('         shift, and go to state 53

    nonempty_expr  go to state 94
    while_exp      go to state 56


state 75

   53 nonempty_expr: nonempty_expr '=' . nonempty_expr

    error       shift, and go to state 39
    IF          shift, and go to state 40
    LET         shift, and go to state 41
    WHILE       shift, and go to state 42
    CASE        shift, and go to state 43
    NEW         shift, and go to state 44
    ISVOID      shift, and go to state 45
    STR_CONST   shift, and go to state 46
    INT_CONST   shift, and go to state 47
    BOOL_CONST  shift, and go to state 48
    OBJECTID    shift, and go to state 49
    NOT         shift, and go to state 50
    '~'         shift, and go to state 51
    '{'         shift, and go to state 52
    '('         shift, and go to state 53

    nonempty_expr  go to state 95
    while_exp      go to state 56


state 76

   46 nonempty_expr: nonempty_expr '+' . nonempty_expr

    error       shift, and go to state 39
    IF          shift, and go to state 40
    LET         shift, and go to state 41
    WHILE       shift, and go to state 42
    CASE        shift, and go to state 43
    NEW         shift, and go to state 44
    ISVOID      shift, and go to state 45
    STR_CONST   shift, and go to state 46
    INT_CONST   shift, and go to state 47
    BOOL_CONST  shift, and go to state 48
    OBJECTID    shift, and go to state 49
    NOT         shift, and go to state 50
    '~'         shift, and go to state 51
    '{'         shift, and go to state 52
    '('         shift, and go to state 53

    nonempty_expr  go to state 96
    while_exp      go to state 56


state 77

   47 nonempty_expr: nonempty_expr '-' . nonempty_expr

    error       shift, and go to state 39
    IF          shift, and go to state 40
    LET         shift, and go to state 41
    WHILE       shift, and go to state 42
    CASE        shift, and go to state 43
    NEW         shift, and go to state 44
    ISVOID      shift, and go to state 45
    STR_CONST   shift, and go to state 46
    INT_CONST   shift, and go to state 47
    BOOL_CONST  shift, and go to state 48
    OBJECTID    shift, and go to state 49
    NOT         shift, and go to state 50
    '~'         shift, and go to state 51
    '{'         shift, and go to state 52
    '('         shift, and go to state 53

    nonempty_expr  go to state 97
    while_exp      go to state 56


state 78

   48 nonempty_expr: nonempty_expr '*' . nonempty_expr

    error       shift, and go to state 39
    IF          shift, and go to state 40
    LET         shift, and go to state 41
    WHILE       shift, and go to state 42
    CASE        shift, and go to state 43
    NEW         shift, and go to state 44
    ISVOID      shift, and go to state 45
    STR_CONST   shift, and go to state 46
    INT_CONST   shift, and go to state 47
    BOOL_CONST  shift, and go to state 48
    OBJECTID    shift, and go to state 49
    NOT         shift, and go to state 50
    '~'         shift, and go to state 51
    '{'         shift, and go to state 52
    '('         shift, and go to state 53

    nonempty_expr  go to state 98
    while_exp      go to state 56


state 79

   49 nonempty_expr: nonempty_expr '/' . nonempty_expr

    error       shift, and go to state 39
    IF          shift, and go to state 40
    LET         shift, and go to state 41
    WHILE       shift, and go to state 42
    CASE        shift, and go to state 43
    NEW         shift, and go to state 44
    ISVOID      shift, and go to state 45
    STR_CONST   shift, and go to state 46
    INT_CONST   shift, and go to state 47
    BOOL_CONST  shift, and go to state 48
    OBJECTID    shift, and go to state 49
    NOT         shift, and go to state 50
    '~'         shift, and go to state 51
    '{'         shift, and go to state 52
    '('         shift, and go to state 53

    nonempty_expr  go to state 99
    while_exp      go to state 56


state 80

   36 nonempty_expr: nonempty_expr '@' . TYPEID '.' OBJECTID '(' expression_list ')'

    TYPEID  shift, and go to state 100


state 81

   37 nonempty_expr: nonempty_expr '.' . OBJECTID '(' expression_list ')'

    OBJECTID  shift, and go to state 101


state 82

   11 feature: OBJECTID '(' formal_list ')' ':' TYPEID '{' . nonempty_expr '}'

    error       shift, and go to state 39
    IF          shift, and go to state 40
    LET         shift, and go to state 41
    WHILE       shift, and go to state 42
    CASE        shift, and go to state 43
    NEW         shift, and go to state 44
    ISVOID      shift, and go to state 45
    STR_CONST   shift, and go to state 46
    INT_CONST   shift, and go to state 47
    BOOL_CONST  shift, and go to state 48
    OBJECTID    shift, and go to state 49
    NOT         shift, and go to state 50
    '~'         shift, and go to state 51
    '{'         shift, and go to state 52
    '('         shift, and go to state 53

    nonempty_expr  go to state 102
    while_exp      go to state 56


state 83

   39 nonempty_expr: IF nonempty_expr THEN . nonempty_expr ELSE nonempty_expr FI

    error       shift, and go to state 39
    IF          shift, and go to state 40
    LET         shift, and go to state 41
    WHILE       shift, and go to state 42
    CASE        shift, and go to state 43
    NEW         shift, and go to state 44
    ISVOID      shift, and go to state 45
    STR_CONST   shift, and go to state 46
    INT_CONST   shift, and go to state 47
    BOOL_CONST  shift, and go to state 48
    OBJECTID    shift, and go to state 49
    NOT         shift, and go to state 50
    '~'         shift, and go to state 51
    '{'         shift, and go to state 52
    '('         shift, and go to state 53

    nonempty_expr  go to state 103
    while_exp      go to state 56


state 84

   29 inner_let: OBJECTID ':' . TYPEID ASSIGN expression IN expression
   30          | OBJECTID ':' . TYPEID IN expression
   31          | OBJECTID ':' . TYPEID ASSIGN expression ',' inner_let
   32          | OBJECTID ':' . TYPEID ',' inner_let

    TYPEID  shift, and go to state 104


state 85

   61 while_exp: WHILE nonempty_expr LOOP . expression POOL
   62          | WHILE nonempty_expr LOOP . error

    error       shift, and go to state 105
    IF          shift, and go to state 40
    LET         shift, and go to state 41
    WHILE       shift, and go to state 42
    CASE        shift, and go to state 43
    NEW         shift, and go to state 44
    ISVOID      shift, and go to state 45
    STR_CONST   shift, and go to state 46
    INT_CONST   shift, and go to state 47
    BOOL_CONST  shift, and go to state 48
    OBJECTID    shift, and go to state 49
    NOT         shift, and go to state 50
    '~'         shift, and go to state 51
    '{'         shift, and go to state 52
    '('         shift, and go to state 53

    POOL  reduce using rule 34 (expression)

    expression     go to state 106
    nonempty_expr  go to state 55
    while_exp      go to state 56


state 86

   43 nonempty_expr: CASE nonempty_expr OF . case_list ESAC

    OBJECTID  shift, and go to state 107

    case_list  go to state 108
    branch     go to state 109


state 87

   35 nonempty_expr: OBJECTID ASSIGN nonempty_expr .
   36              | nonempty_expr . '@' TYPEID '.' OBJECTID '(' expression_list ')'
   37              | nonempty_expr . '.' OBJECTID '(' expression_list ')'
   46              | nonempty_expr . '+' nonempty_expr
   47              | nonempty_expr . '-' nonempty_expr
   48              | nonempty_expr . '*' nonempty_expr
   49              | nonempty_expr . '/' nonempty_expr
   51              | nonempty_expr . '<' nonempty_expr
   52              | nonempty_expr . LE nonempty_expr
   53              | nonempty_expr . '=' nonempty_expr

    LE   shift, and go to state 73
    '<'  shift, and go to state 74
    '='  shift, and go to state 75
    '+'  shift, and go to state 76
    '-'  shift, and go to state 77
    '*'  shift, and go to state 78
    '/'  shift, and go to state 79
    '@'  shift, and go to state 80
    '.'  shift, and go to state 81

    $default  reduce using rule 35 (nonempty_expr)


state 88

   20 expression_list: expression_list . ',' nonempty_expr
   38 nonempty_expr: OBJECTID '(' expression_list . ')'

    ')'  shift, and go to state 110
    ','  shift, and go to state 111


state 89

   21 expression_list: nonempty_expr .
   36 nonempty_expr: nonempty_expr . '@' TYPEID '.' OBJECTID '(' expression_list ')'
   37              | nonempty_expr . '.' OBJECTID '(' expression_list ')'
   46              | nonempty_expr . '+' nonempty_expr
   47              | nonempty_expr . '-' nonempty_expr
   48              | nonempty_expr . '*' nonempty_expr
   49              | nonempty_expr . '/' nonempty_expr
   51              | nonempty_expr . '<' nonempty_expr
   52              | nonempty_expr . LE nonempty_expr
   53              | nonempty_expr . '=' nonempty_expr

    LE   shift, and go to state 73
    '<'  shift, and go to state 74
    '='  shift, and go to state 75
    '+'  shift, and go to state 76
    '-'  shift, and go to state 77
    '*'  shift, and go to state 78
    '/'  shift, and go to state 79
    '@'  shift, and go to state 80
    '.'  shift, and go to state 81

    $default  reduce using rule 21 (expression_list)


state 90

   41 nonempty_expr: '{' nonempty_block '}' .

    $default  reduce using rule 41 (nonempty_expr)


state 91

   23 nonempty_block: nonempty_expr ';' .
   24               | nonempty_expr ';' . nonempty_block

    error       shift, and go to state 69
    IF          shift, and go to state 40
    LET         shift, and go to state 41
    WHILE       shift, and go to state 42
    CASE        shift, and go to state 43
    NEW         shift, and go to state 44
    ISVOID      shift, and go to state 45
    STR_CONST   shift, and go to state 46
    INT_CONST   shift, and go to state 47
    BOOL_CONST  shift, and go to state 48
    OBJECTID    shift, and go to state 49
    NOT         shift, and go to state 50
    '~'         shift, and go to state 51
    '{'         shift, and go to state 52
    '('         shift, and go to state 53

    '}'  reduce using rule 23 (nonempty_block)

    nonempty_block  go to state 112
    nonempty_expr   go to state 71
    while_exp       go to state 56


state 92

   55 nonempty_expr: '(' nonempty_expr ')' .

    $default  reduce using rule 55 (nonempty_expr)


state 93

   36 nonempty_expr: nonempty_expr . '@' TYPEID '.' OBJECTID '(' expression_list ')'
   37              | nonempty_expr . '.' OBJECTID '(' expression_list ')'
   46              | nonempty_expr . '+' nonempty_expr
   47              | nonempty_expr . '-' nonempty_expr
   48              | nonempty_expr . '*' nonempty_expr
   49              | nonempty_expr . '/' nonempty_expr
   51              | nonempty_expr . '<' nonempty_expr
   52              | nonempty_expr . LE nonempty_expr
   52              | nonempty_expr LE nonempty_expr .
   53              | nonempty_expr . '=' nonempty_expr

    '+'  shift, and go to state 76
    '-'  shift, and go to state 77
    '*'  shift, and go to state 78
    '/'  shift, and go to state 79
    '@'  shift, and go to state 80
    '.'  shift, and go to state 81

    LE   error (nonassociative)
    '<'  error (nonassociative)
    '='  error (nonassociative)

    $default  reduce using rule 52 (nonempty_expr)


state 94

   36 nonempty_expr: nonempty_expr . '@' TYPEID '.' OBJECTID '(' expression_list ')'
   37              | nonempty_expr . '.' OBJECTID '(' expression_list ')'
   46              | nonempty_expr . '+' nonempty_expr
   47              | nonempty_expr . '-' nonempty_expr
   48              | nonempty_expr . '*' nonempty_expr
   49              | nonempty_expr . '/' nonempty_expr
   51              | nonempty_expr . '<' nonempty_expr
   51              | nonempty_expr '<' nonempty_expr .
   52              | nonempty_expr . LE nonempty_expr
   53              | nonempty_expr . '=' nonempty_expr

    '+'  shift, and go to state 76
    '-'  shift, and go to state 77
    '*'  shift, and go to state 78
    '/'  shift, and go to state 79
    '@'  shift, and go to state 80
    '.'  shift, and go to state 81

    LE   error (nonassociative)
    '<'  error (nonassociative)
    '='  error (nonassociative)

    $default  reduce using rule 51 (nonempty_expr)


state 95

   36 nonempty_expr: nonempty_expr . '@' TYPEID '.' OBJECTID '(' expression_list ')'
   37              | nonempty_expr . '.' OBJECTID '(' expression_list ')'
   46              | nonempty_expr . '+' nonempty_expr
   47              | nonempty_expr . '-' nonempty_expr
   48              | nonempty_expr . '*' nonempty_expr
   49              | nonempty_expr . '/' nonempty_expr
   51              | nonempty_expr . '<' nonempty_expr
   52              | nonempty_expr . LE nonempty_expr
   53              | nonempty_expr . '=' nonempty_expr
   53              | nonempty_expr '=' nonempty_expr .

    '+'  shift, and go to state 76
    '-'  shift, and go to state 77
    '*'  shift, and go to state 78
    '/'  shift, and go to state 79
    '@'  shift, and go to state 80
    '.'  shift, and go to state 81

    LE   error (nonassociative)
    '<'  error (nonassociative)
    '='  error (nonassociative)

    $default  reduce using rule 53 (nonempty_expr)


state 96

   36 nonempty_expr: nonempty_expr . '@' TYPEID '.' OBJECTID '(' expression_list ')'
   37              | nonempty_expr . '.' OBJECTID '(' expression_list ')'
   46              | nonempty_expr . '+' nonempty_expr
   46              | nonempty_expr '+' nonempty_expr .
   47              | nonempty_expr . '-' nonempty_expr
   48              | nonempty_expr . '*' nonempty_expr
   49              | nonempty_expr . '/' nonempty_expr
   51              | nonempty_expr . '<' nonempty_expr
   52              | nonempty_expr . LE nonempty_expr
   53              | nonempty_expr . '=' nonempty_expr

    '*'  shift, and go to state 78
    '/'  shift, and go to state 79
    '@'  shift, and go to state 80
    '.'  shift, and go to state 81

    $default  reduce using rule 46 (nonempty_expr)


state 97

   36 nonempty_expr: nonempty_expr . '@' TYPEID '.' OBJECTID '(' expression_list ')'
   37              | nonempty_expr . '.' OBJECTID '(' expression_list ')'
   46              | nonempty_expr . '+' nonempty_expr
   47              | nonempty_expr . '-' nonempty_expr
   47              | nonempty_expr '-' nonempty_expr .
   48              | nonempty_expr . '*' nonempty_expr
   49              | nonempty_expr . '/' nonempty_expr
   51              | nonempty_expr . '<' nonempty_expr
   52              | nonempty_expr . LE nonempty_expr
   53              | nonempty_expr . '=' nonempty_expr

    '*'  shift, and go to state 78
    '/'  shift, and go to state 79
    '@'  shift, and go to state 80
    '.'  shift, and go to state 81

    $default  reduce using rule 47 (nonempty_expr)


state 98

   36 nonempty_expr: nonempty_expr . '@' TYPEID '.' OBJECTID '(' expression_list ')'
   37              | nonempty_expr . '.' OBJECTID '(' expression_list ')'
   46              | nonempty_expr . '+' nonempty_expr
   47              | nonempty_expr . '-' nonempty_expr
   48              | nonempty_expr . '*' nonempty_expr
   48              | nonempty_expr '*' nonempty_expr .
   49              | nonempty_expr . '/' nonempty_expr
   51              | nonempty_expr . '<' nonempty_expr
   52              | nonempty_expr . LE nonempty_expr
   53              | nonempty_expr . '=' nonempty_expr

    '@'  shift, and go to state 80
    '.'  shift, and go to state 81

    $default  reduce using rule 48 (nonempty_expr)


state 99

   36 nonempty_expr: nonempty_expr . '@' TYPEID '.' OBJECTID '(' expression_list ')'
   37              | nonempty_expr . '.' OBJECTID '(' expression_list ')'
   46              | nonempty_expr . '+' nonempty_expr
   47              | nonempty_expr . '-' nonempty_expr
   48              | nonempty_expr . '*' nonempty_expr
   49              | nonempty_expr . '/' nonempty_expr
   49              | nonempty_expr '/' nonempty_expr .
   51              | nonempty_expr . '<' nonempty_expr
   52              | nonempty_expr . LE nonempty_expr
   53              | nonempty_expr . '=' nonempty_expr

    '@'  shift, and go to state 80
    '.'  shift, and go to state 81

    $default  reduce using rule 49 (nonempty_expr)


state 100

   36 nonempty_expr: nonempty_expr '@' TYPEID . '.' OBJECTID '(' expression_list ')'

    '.'  shift, and go to state 113


state 101

   37 nonempty_expr: nonempty_expr '.' OBJECTID . '(' expression_list ')'

    '('  shift, and go to state 114


state 102

   11 feature: OBJECTID '(' formal_list ')' ':' TYPEID '{' nonempty_expr . '}'
   36 nonempty_expr: nonempty_expr . '@' TYPEID '.' OBJECTID '(' expression_list ')'
   37              | nonempty_expr . '.' OBJECTID '(' expression_list ')'
   46              | nonempty_expr . '+' nonempty_expr
   47              | nonempty_expr . '-' nonempty_expr
   48              | nonempty_expr . '*' nonempty_expr
   49              | nonempty_expr . '/' nonempty_expr
   51              | nonempty_expr . '<' nonempty_expr
   52              | nonempty_expr . LE nonempty_expr
   53              | nonempty_expr . '=' nonempty_expr

    LE   shift, and go to state 73
    '<'  shift, and go to state 74
    '='  shift, and go to state 75
    '+'  shift, and go to state 76
    '-'  shift, and go to state 77
    '*'  shift, and go to state 78
    '/'  shift, and go to state 79
    '@'  shift, and go to state 80
    '.'  shift, and go to state 81
    '}'  shift, and go to state 115


state 103

   36 nonempty_expr: nonempty_expr . '@' TYPEID '.' OBJECTID '(' expression_list ')'
   37              | nonempty_expr . '.' OBJECTID '(' expression_list ')'
   39              | IF nonempty_expr THEN nonempty_expr . ELSE nonempty_expr FI
   46              | nonempty_expr . '+' nonempty_expr
   47              | nonempty_expr . '-' nonempty_expr
   48              | nonempty_expr . '*' nonempty_expr
   49              | nonempty_expr . '/' nonempty_expr
   51              | nonempty_expr . '<' nonempty_expr
   52              | nonempty_expr . LE nonempty_expr
   53              | nonempty_expr . '=' nonempty_expr

    ELSE  shift, and go to state 116
    LE    shift, and go to state 73
    '<'   shift, and go to state 74
    '='   shift, and go to state 75
    '+'   shift, and go to state 76
    '-'   shift, and go to state 77
    '*'   shift, and go to state 78
    '/'   shift, and go to state 79
    '@'   shift, and go to state 80
    '.'   shift, and go to state 81


state 104

   29 inner_let: OBJECTID ':' TYPEID . ASSIGN expression IN expression
   30          | OBJECTID ':' TYPEID . IN expression
   31          | OBJECTID ':' TYPEID . ASSIGN expression ',' inner_let
   32          | OBJECTID ':' TYPEID . ',' inner_let

    IN      shift, and go to state 117
    ASSIGN  shift, and go to state 118
    ','     shift, and go to state 119


state 105

   60 nonempty_expr: error .
   62 while_exp: WHILE nonempty_expr LOOP error .

    ELSE      reduce using rule 62 (while_exp)
    FI        reduce using rule 62 (while_exp)
    IN        reduce using rule 62 (while_exp)
    LOOP      reduce using rule 62 (while_exp)
    POOL      reduce using rule 60 (nonempty_expr)
    POOL      [reduce using rule 62 (while_exp)]
    THEN      reduce using rule 62 (while_exp)
    OF        reduce using rule 62 (while_exp)
    LE        reduce using rule 60 (nonempty_expr)
    LE        [reduce using rule 62 (while_exp)]
    '<'       reduce using rule 60 (nonempty_expr)
    '<'       [reduce using rule 62 (while_exp)]
    '='       reduce using rule 60 (nonempty_expr)
    '='       [reduce using rule 62 (while_exp)]
    '+'       reduce using rule 60 (nonempty_expr)
    '+'       [reduce using rule 62 (while_exp)]
    '-'       reduce using rule 60 (nonempty_expr)
    '-'       [reduce using rule 62 (while_exp)]
    '*'       reduce using rule 60 (nonempty_expr)
    '*'       [reduce using rule 62 (while_exp)]
    '/'       reduce using rule 60 (nonempty_expr)
    '/'       [reduce using rule 62 (while_exp)]
    '@'       reduce using rule 60 (nonempty_expr)
    '@'       [reduce using rule 62 (while_exp)]
    '.'       reduce using rule 60 (nonempty_expr)
    '.'       [reduce using rule 62 (while_exp)]
    '}'       reduce using rule 62 (while_exp)
    ';'       reduce using rule 62 (while_exp)
    ')'       reduce using rule 62 (while_exp)
    ','       reduce using rule 62 (while_exp)
    $default  reduce using rule 60 (nonempty_expr)


state 106

   61 while_exp: WHILE nonempty_expr LOOP expression . POOL

    POOL  shift, and go to state 120


state 107

   28 branch: OBJECTID . ':' TYPEID DARROW expression

    ':'  shift, and go to state 121


state 108

   26 case_list: case_list . branch ';'
   43 nonempty_expr: CASE nonempty_expr OF case_list . ESAC

    ESAC      shift, and go to state 122
    OBJECTID  shift, and go to state 107

    branch  go to state 123


state 109

   27 case_list: branch . ';'

    ';'  shift, and go to state 124


state 110

   38 nonempty_expr: OBJECTID '(' expression_list ')' .

    $default  reduce using rule 38 (nonempty_expr)


state 111

   20 expression_list: expression_list ',' . nonempty_expr

    error       shift, and go to state 39
    IF          shift, and go to state 40
    LET         shift, and go to state 41
    WHILE       shift, and go to state 42
    CASE        shift, and go to state 43
    NEW         shift, and go to state 44
    ISVOID      shift, and go to state 45
    STR_CONST   shift, and go to state 46
    INT_CONST   shift, and go to state 47
    BOOL_CONST  shift, and go to state 48
    OBJECTID    shift, and go to state 49
    NOT         shift, and go to state 50
    '~'         shift, and go to state 51
    '{'         shift, and go to state 52
    '('         shift, and go to state 53

    nonempty_expr  go to state 125
    while_exp      go to state 56


state 112

   24 nonempty_block: nonempty_expr ';' nonempty_block .

    $default  reduce using rule 24 (nonempty_block)


state 113

   36 nonempty_expr: nonempty_expr '@' TYPEID '.' . OBJECTID '(' expression_list ')'

    OBJECTID  shift, and go to state 126


state 114

   37 nonempty_expr: nonempty_expr '.' OBJECTID '(' . expression_list ')'

    error       shift, and go to state 39
    IF          shift, and go to state 40
    LET         shift, and go to state 41
    WHILE       shift, and go to state 42
    CASE        shift, and go to state 43
    NEW         shift, and go to state 44
    ISVOID      shift, and go to state 45
    STR_CONST   shift, and go to state 46
    INT_CONST   shift, and go to state 47
    BOOL_CONST  shift, and go to state 48
    OBJECTID    shift, and go to state 49
    NOT         shift, and go to state 50
    '~'         shift, and go to state 51
    '{'         shift, and go to state 52
    '('         shift, and go to state 53

    ')'  reduce using rule 22 (expression_list)
    ','  reduce using rule 22 (expression_list)

    expression_list  go to state 127
    nonempty_expr    go to state 89
    while_exp        go to state 56


state 115

   11 feature: OBJECTID '(' formal_list ')' ':' TYPEID '{' nonempty_expr '}' .

    $default  reduce using rule 11 (feature)


state 116

   39 nonempty_expr: IF nonempty_expr THEN nonempty_expr ELSE . nonempty_expr FI

    error       shift, and go to state 39
    IF          shift, and go to state 40
    LET         shift, and go to state 41
    WHILE       shift, and go to state 42
    CASE        shift, and go to state 43
    NEW         shift, and go to state 44
    ISVOID      shift, and go to state 45
    STR_CONST   shift, and go to state 46
    INT_CONST   shift, and go to state 47
    BOOL_CONST  shift, and go to state 48
    OBJECTID    shift, and go to state 49
    NOT         shift, and go to state 50
    '~'         shift, and go to state 51
    '{'         shift, and go to state 52
    '('         shift, and go to state 53

    nonempty_expr  go to state 128
    while_exp      go to state 56


state 117

   30 inner_let: OBJECTID ':' TYPEID IN . expression

    error       shift, and go to state 39
    IF          shift, and go to state 40
    LET         shift, and go to state 41
    WHILE       shift, and go to state 42
    CASE        shift, and go to state 43
    NEW         shift, and go to state 44
    ISVOID      shift, and go to state 45
    STR_CONST   shift, and go to state 46
    INT_CONST   shift, and go to state 47
    BOOL_CONST  shift, and go to state 48
    OBJECTID    shift, and go to state 49
    NOT         shift, and go to state 50
    '~'         shift, and go to state 51
    '{'         shift, and go to state 52
    '('         shift, and go to state 53

    ELSE  reduce using rule 34 (expression)
    FI    reduce using rule 34 (expression)
    IN    reduce using rule 34 (expression)
    LOOP  reduce using rule 34 (expression)
    POOL  reduce using rule 34 (expression)
    THEN  reduce using rule 34 (expression)
    OF    reduce using rule 34 (expression)
    LE    reduce using rule 34 (expression)
    '<'   reduce using rule 34 (expression)
    '='   reduce using rule 34 (expression)
    '+'   reduce using rule 34 (expression)
    '-'   reduce using rule 34 (expression)
    '*'   reduce using rule 34 (expression)
    '/'   reduce using rule 34 (expression)
    '@'   reduce using rule 34 (expression)
    '.'   reduce using rule 34 (expression)
    '}'   reduce using rule 34 (expression)
    ';'   reduce using rule 34 (expression)
    ')'   reduce using rule 34 (expression)
    ','   reduce using rule 34 (expression)

    expression     go to state 129
    nonempty_expr  go to state 55
    while_exp      go to state 56


state 118

   29 inner_let: OBJECTID ':' TYPEID ASSIGN . expression IN expression
   31          | OBJECTID ':' TYPEID ASSIGN . expression ',' inner_let

    error       shift, and go to state 39
    IF          shift, and go to state 40
    LET         shift, and go to state 41
    WHILE       shift, and go to state 42
    CASE        shift, and go to state 43
    NEW         shift, and go to state 44
    ISVOID      shift, and go to state 45
    STR_CONST   shift, and go to state 46
    INT_CONST   shift, and go to state 47
    BOOL_CONST  shift, and go to state 48
    OBJECTID    shift, and go to state 49
    NOT         shift, and go to state 50
    '~'         shift, and go to state 51
    '{'         shift, and go to state 52
    '('         shift, and go to state 53

    IN   reduce using rule 34 (expression)
    ','  reduce using rule 34 (expression)

    expression     go to state 130
    nonempty_expr  go to state 55
    while_exp      go to state 56


state 119

   32 inner_let: OBJECTID ':' TYPEID ',' . inner_let

    OBJECTID  shift, and go to state 59

    inner_let  go to state 131


state 120

   61 while_exp: WHILE nonempty_expr LOOP expression POOL .

    $default  reduce using rule 61 (while_exp)


state 121

   28 branch: OBJECTID ':' . TYPEID DARROW expression

    TYPEID  shift, and go to state 132


state 122

   43 nonempty_expr: CASE nonempty_expr OF case_list ESAC .

    $default  reduce using rule 43 (nonempty_expr)


state 123

   26 case_list: case_list branch . ';'

    ';'  shift, and go to state 133


state 124

   27 case_list: branch ';' .

    $default  reduce using rule 27 (case_list)


state 125

   20 expression_list: expression_list ',' nonempty_expr .
   36 nonempty_expr: nonempty_expr . '@' TYPEID '.' OBJECTID '(' expression_list ')'
   37              | nonempty_expr . '.' OBJECTID '(' expression_list ')'
   46              | nonempty_expr . '+' nonempty_expr
   47              | nonempty_expr . '-' nonempty_expr
   48              | nonempty_expr . '*' nonempty_expr
   49              | nonempty_expr . '/' nonempty_expr
   51              | nonempty_expr . '<' nonempty_expr
   52              | nonempty_expr . LE nonempty_expr
   53              | nonempty_expr . '=' nonempty_expr

    LE   shift, and go to state 73
    '<'  shift, and go to state 74
    '='  shift, and go to state 75
    '+'  shift, and go to state 76
    '-'  shift, and go to state 77
    '*'  shift, and go to state 78
    '/'  shift, and go to state 79
    '@'  shift, and go to state 80
    '.'  shift, and go to state 81

    $default  reduce using rule 20 (expression_list)


state 126

   36 nonempty_expr: nonempty_expr '@' TYPEID '.' OBJECTID . '(' expression_list ')'

    '('  shift, and go to state 134


state 127

   20 expression_list: expression_list . ',' nonempty_expr
   37 nonempty_expr: nonempty_expr '.' OBJECTID '(' expression_list . ')'

    ')'  shift, and go to state 135
    ','  shift, and go to state 111


state 128

   36 nonempty_expr: nonempty_expr . '@' TYPEID '.' OBJECTID '(' expression_list ')'
   37              | nonempty_expr . '.' OBJECTID '(' expression_list ')'
   39              | IF nonempty_expr THEN nonempty_expr ELSE nonempty_expr . FI
   46              | nonempty_expr . '+' nonempty_expr
   47              | nonempty_expr . '-' nonempty_expr
   48              | nonempty_expr . '*' nonempty_expr
   49              | nonempty_expr . '/' nonempty_expr
   51              | nonempty_expr . '<' nonempty_expr
   52              | nonempty_expr . LE nonempty_expr
   53              | nonempty_expr . '=' nonempty_expr

    FI   shift, and go to state 136
    LE   shift, and go to state 73
    '<'  shift, and go to state 74
    '='  shift, and go to state 75
    '+'  shift, and go to state 76
    '-'  shift, and go to state 77
    '*'  shift, and go to state 78
    '/'  shift, and go to state 79
    '@'  shift, and go to state 80
    '.'  shift, and go to state 81


state 129

   30 inner_let: OBJECTID ':' TYPEID IN expression .

    $default  reduce using rule 30 (inner_let)


state 130

   29 inner_let: OBJECTID ':' TYPEID ASSIGN expression . IN expression
   31          | OBJECTID ':' TYPEID ASSIGN expression . ',' inner_let

    IN   shift, and go to state 137
    ','  shift, and go to state 138


state 131

   32 inner_let: OBJECTID ':' TYPEID ',' inner_let .

    $default  reduce using rule 32 (inner_let)


state 132

   28 branch: OBJECTID ':' TYPEID . DARROW expression

    DARROW  shift, and go to state 139


state 133

   26 case_list: case_list branch ';' .

    $default  reduce using rule 26 (case_list)


state 134

   36 nonempty_expr: nonempty_expr '@' TYPEID '.' OBJECTID '(' . expression_list ')'

    error       shift, and go to state 39
    IF          shift, and go to state 40
    LET         shift, and go to state 41
    WHILE       shift, and go to state 42
    CASE        shift, and go to state 43
    NEW         shift, and go to state 44
    ISVOID      shift, and go to state 45
    STR_CONST   shift, and go to state 46
    INT_CONST   shift, and go to state 47
    BOOL_CONST  shift, and go to state 48
    OBJECTID    shift, and go to state 49
    NOT         shift, and go to state 50
    '~'         shift, and go to state 51
    '{'         shift, and go to state 52
    '('         shift, and go to state 53

    ')'  reduce using rule 22 (expression_list)
    ','  reduce using rule 22 (expression_list)

    expression_list  go to state 140
    nonempty_expr    go to state 89
    while_exp        go to state 56


state 135

   37 nonempty_expr: nonempty_expr '.' OBJECTID '(' expression_list ')' .

    $default  reduce using rule 37 (nonempty_expr)


state 136

   39 nonempty_expr: IF nonempty_expr THEN nonempty_expr ELSE nonempty_expr FI .

    $default  reduce using rule 39 (nonempty_expr)


state 137

   29 inner_let: OBJECTID ':' TYPEID ASSIGN expression IN . expression

    error       shift, and go to state 39
    IF          shift, and go to state 40
    LET         shift, and go to state 41
    WHILE       shift, and go to state 42
    CASE        shift, and go to state 43
    NEW         shift, and go to state 44
    ISVOID      shift, and go to state 45
    STR_CONST   shift, and go to state 46
    INT_CONST   shift, and go to state 47
    BOOL_CONST  shift, and go to state 48
    OBJECTID    shift, and go to state 49
    NOT         shift, and go to state 50
    '~'         shift, and go to state 51
    '{'         shift, and go to state 52
    '('         shift, and go to state 53

    ELSE  reduce using rule 34 (expression)
    FI    reduce using rule 34 (expression)
    IN    reduce using rule 34 (expression)
    LOOP  reduce using rule 34 (expression)
    POOL  reduce using rule 34 (expression)
    THEN  reduce using rule 34 (expression)
    OF    reduce using rule 34 (expression)
    LE    reduce using rule 34 (expression)
    '<'   reduce using rule 34 (expression)
    '='   reduce using rule 34 (expression)
    '+'   reduce using rule 34 (expression)
    '-'   reduce using rule 34 (expression)
    '*'   reduce using rule 34 (expression)
    '/'   reduce using rule 34 (expression)
    '@'   reduce using rule 34 (expression)
    '.'   reduce using rule 34 (expression)
    '}'   reduce using rule 34 (expression)
    ';'   reduce using rule 34 (expression)
    ')'   reduce using rule 34 (expression)
    ','   reduce using rule 34 (expression)

    expression     go to state 141
    nonempty_expr  go to state 55
    while_exp      go to state 56


state 138

   31 inner_let: OBJECTID ':' TYPEID ASSIGN expression ',' . inner_let

    OBJECTID  shift, and go to state 59

    inner_let  go to state 142


state 139

   28 branch: OBJECTID ':' TYPEID DARROW . expression

    error       shift, and go to state 39
    IF          shift, and go to state 40
    LET         shift, and go to state 41
    WHILE       shift, and go to state 42
    CASE        shift, and go to state 43
    NEW         shift, and go to state 44
    ISVOID      shift, and go to state 45
    STR_CONST   shift, and go to state 46
    INT_CONST   shift, and go to state 47
    BOOL_CONST  shift, and go to state 48
    OBJECTID    shift, and go to state 49
    NOT         shift, and go to state 50
    '~'         shift, and go to state 51
    '{'         shift, and go to state 52
    '('         shift, and go to state 53

    ';'  reduce using rule 34 (expression)

    expression     go to state 143
    nonempty_expr  go to state 55
    while_exp      go to state 56


state 140

   20 expression_list: expression_list . ',' nonempty_expr
   36 nonempty_expr: nonempty_expr '@' TYPEID '.' OBJECTID '(' expression_list . ')'

    ')'  shift, and go to state 144
    ','  shift, and go to state 111


state 141

   29 inner_let: OBJECTID ':' TYPEID ASSIGN expression IN expression .

    $default  reduce using rule 29 (inner_let)


state 142

   31 inner_let: OBJECTID ':' TYPEID ASSIGN expression ',' inner_let .

    $default  reduce using rule 31 (inner_let)


state 143

   28 branch: OBJECTID ':' TYPEID DARROW expression .

    $default  reduce using rule 28 (branch)


state 144

   36 nonempty_expr: nonempty_expr '@' TYPEID '.' OBJECTID '(' expression_list ')' .

    $default  reduce using rule 36 (nonempty_expr)
